<?xml version="1.0" encoding="UTF-8"?>
<!-- Generated by org.testng.reporters.JUnitReportReporter -->
<testsuite skipped="0" hostname="LAPTOP-75G6PTHA" name="reports.Extentreport3" tests="1" failures="0" timestamp="19 Apr 2021 09:52:24 GMT" time="11.703" errors="0">
  <testcase name="report3" time="11.703" classname="reports.Extentreport3"/>
</testsuite> <!-- reports.Extentreport3 -->
