<?xml version="1.0" encoding="UTF-8"?>
<!-- Generated by org.testng.reporters.JUnitReportReporter -->
<testsuite skipped="0" hostname="LAPTOP-75G6PTHA" name="testcase.testcase3" tests="1" failures="0" timestamp="13 Jun 2021 12:00:37 GMT" time="9.192" errors="0">
  <testcase name="setup" time="9.192" classname="testcase.testcase3"/>
</testsuite> <!-- testcase.testcase3 -->
