<?xml version="1.0" encoding="UTF-8"?>
<!-- Generated by org.testng.reporters.JUnitReportReporter -->
<testsuite skipped="0" hostname="LAPTOP-75G6PTHA" name="testcase.testcase2" tests="1" failures="0" timestamp="19 Apr 2021 09:46:15 GMT" time="0.015" errors="0">
  <testcase name="test" time="0.015" classname="testcase.testcase2"/>
</testsuite> <!-- testcase.testcase2 -->
