<?xml version="1.0" encoding="UTF-8"?>
<!-- Generated by org.testng.reporters.JUnitReportReporter -->
<testsuite skipped="0" hostname="LAPTOP-75G6PTHA" name="reports.Extentreport3" tests="1" failures="0" timestamp="04 May 2021 15:47:41 GMT" time="11.102" errors="0">
  <testcase name="report3" time="11.102" classname="reports.Extentreport3"/>
</testsuite> <!-- reports.Extentreport3 -->
